# JRE version: Java(TM) SE Runtime Environment (8.0_112-b15) (build 1.8.0_112-b15)
# Java VM: Java HotSpot(TM) 64-Bit Server VM (25.112-b15 mixed mode windows-amd64 compressed oops)
Heap:
 PSYoungGen      total 278016K, used 62671K [0x00000000d6d80000, 0x00000000f4e00000, 0x0000000100000000)
  eden space 242176K, 17% used [0x00000000d6d80000,0x00000000d96d4a28,0x00000000e5a00000)
  from space 35840K, 56% used [0x00000000e5a00000,0x00000000e6ddf1e8,0x00000000e7d00000)
  to   space 52224K, 0% used [0x00000000f1b00000,0x00000000f1b00000,0x00000000f4e00000)
 ParOldGen       total 84992K, used 84848K [0x0000000084800000, 0x0000000089b00000, 0x00000000d6d80000)
  object space 84992K, 99% used [0x0000000084800000,0x0000000089adc070,0x0000000089b00000)
 Metaspace       used 6696K, capacity 7288K, committed 7424K, reserved 1056768K
  class space    used 644K, capacity 688K, committed 768K, reserved 1048576K
GC Heap History (10 events):
Event: 3.349 GC heap before
{Heap before GC invocations=6 (full 0):
 PSYoungGen      total 68608K, used 68606K [0x00000000d6d80000, 0x00000000e0680000, 0x0000000100000000)
  eden space 63488K, 100% used [0x00000000d6d80000,0x00000000dab80000,0x00000000dab80000)
  from space 5120K, 99% used [0x00000000dab80000,0x00000000db07f8b0,0x00000000db080000)
  to   space 14848K, 0% used [0x00000000df800000,0x00000000df800000,0x00000000e0680000)
 ParOldGen       total 84992K, used 23506K [0x0000000084800000, 0x0000000089b00000, 0x00000000d6d80000)
  object space 84992K, 27% used [0x0000000084800000,0x0000000085ef4a90,0x0000000089b00000)
 Metaspace       used 6536K, capacity 7256K, committed 7424K, reserved 1056768K
  class space    used 625K, capacity 656K, committed 768K, reserved 1048576K
Event: 3.388 GC heap after
Heap after GC invocations=6 (full 0):
 PSYoungGen      total 139776K, used 14827K [0x00000000d6d80000, 0x00000000e0a80000, 0x0000000100000000)
  eden space 124928K, 0% used [0x00000000d6d80000,0x00000000d6d80000,0x00000000de780000)
  from space 14848K, 99% used [0x00000000df800000,0x00000000e067af68,0x00000000e0680000)
  to   space 16896K, 0% used [0x00000000de780000,0x00000000de780000,0x00000000df800000)
 ParOldGen       total 84992K, used 24051K [0x0000000084800000, 0x0000000089b00000, 0x00000000d6d80000)
  object space 84992K, 28% used [0x0000000084800000,0x0000000085f7cc50,0x0000000089b00000)
 Metaspace       used 6536K, capacity 7256K, committed 7424K, reserved 1056768K
  class space    used 625K, capacity 656K, committed 768K, reserved 1048576K
}
Event: 4.369 GC heap before
{Heap before GC invocations=7 (full 0):
 PSYoungGen      total 139776K, used 139755K [0x00000000d6d80000, 0x00000000e0a80000, 0x0000000100000000)
  eden space 124928K, 100% used [0x00000000d6d80000,0x00000000de780000,0x00000000de780000)
  from space 14848K, 99% used [0x00000000df800000,0x00000000e067af68,0x00000000e0680000)
  to   space 16896K, 0% used [0x00000000de780000,0x00000000de780000,0x00000000df800000)
 ParOldGen       total 84992K, used 24051K [0x0000000084800000, 0x0000000089b00000, 0x00000000d6d80000)
  object space 84992K, 28% used [0x0000000084800000,0x0000000085f7cc50,0x0000000089b00000)
 Metaspace       used 6563K, capacity 7256K, committed 7424K, reserved 1056768K
  class space    used 625K, capacity 656K, committed 768K, reserved 1048576K
Event: 4.426 GC heap after
Heap after GC invocations=7 (full 0):
 PSYoungGen      total 141824K, used 16879K [0x00000000d6d80000, 0x00000000e9880000, 0x0000000100000000)
  eden space 124928K, 0% used [0x00000000d6d80000,0x00000000d6d80000,0x00000000de780000)
  from space 16896K, 99% used [0x00000000de780000,0x00000000df7fbeb0,0x00000000df800000)
  to   space 28160K, 0% used [0x00000000e7d00000,0x00000000e7d00000,0x00000000e9880000)
 ParOldGen       total 84992K, used 41445K [0x0000000084800000, 0x0000000089b00000, 0x00000000d6d80000)
  object space 84992K, 48% used [0x0000000084800000,0x0000000087079668,0x0000000089b00000)
 Metaspace       used 6563K, capacity 7256K, committed 7424K, reserved 1056768K
  class space    used 625K, capacity 656K, committed 768K, reserved 1048576K
}
Event: 5.091 GC heap before
{Heap before GC invocations=8 (full 0):
 PSYoungGen      total 141824K, used 141807K [0x00000000d6d80000, 0x00000000e9880000, 0x0000000100000000)
  eden space 124928K, 100% used [0x00000000d6d80000,0x00000000de780000,0x00000000de780000)
  from space 16896K, 99% used [0x00000000de780000,0x00000000df7fbeb0,0x00000000df800000)
  to   space 28160K, 0% used [0x00000000e7d00000,0x00000000e7d00000,0x00000000e9880000)
 ParOldGen       total 84992K, used 41445K [0x0000000084800000, 0x0000000089b00000, 0x00000000d6d80000)
  object space 84992K, 48% used [0x0000000084800000,0x0000000087079668,0x0000000089b00000)
 Metaspace       used 6664K, capacity 7288K, committed 7424K, reserved 1056768K
  class space    used 644K, capacity 688K, committed 768K, reserved 1048576K
Event: 5.164 GC heap after
Heap after GC invocations=8 (full 0):
 PSYoungGen      total 270336K, used 28140K [0x00000000d6d80000, 0x00000000ea780000, 0x0000000100000000)
  eden space 242176K, 0% used [0x00000000d6d80000,0x00000000d6d80000,0x00000000e5a00000)
  from space 28160K, 99% used [0x00000000e7d00000,0x00000000e987b110,0x00000000e9880000)
  to   space 35840K, 0% used [0x00000000e5a00000,0x00000000e5a00000,0x00000000e7d00000)
 ParOldGen       total 84992K, used 48372K [0x0000000084800000, 0x0000000089b00000, 0x00000000d6d80000)
  object space 84992K, 56% used [0x0000000084800000,0x000000008773d0b8,0x0000000089b00000)
 Metaspace       used 6664K, capacity 7288K, committed 7424K, reserved 1056768K
  class space    used 644K, capacity 688K, committed 768K, reserved 1048576K
}
Event: 6.832 GC heap before
{Heap before GC invocations=9 (full 0):
 PSYoungGen      total 270336K, used 270316K [0x00000000d6d80000, 0x00000000ea780000, 0x0000000100000000)
  eden space 242176K, 100% used [0x00000000d6d80000,0x00000000e5a00000,0x00000000e5a00000)
  from space 28160K, 99% used [0x00000000e7d00000,0x00000000e987b110,0x00000000e9880000)
  to   space 35840K, 0% used [0x00000000e5a00000,0x00000000e5a00000,0x00000000e7d00000)
 ParOldGen       total 84992K, used 48372K [0x0000000084800000, 0x0000000089b00000, 0x00000000d6d80000)
  object space 84992K, 56% used [0x0000000084800000,0x000000008773d0b8,0x0000000089b00000)
 Metaspace       used 6691K, capacity 7288K, committed 7424K, reserved 1056768K
  class space    used 644K, capacity 688K, committed 768K, reserved 1048576K
Event: 6.942 GC heap after
Heap after GC invocations=9 (full 0):
 PSYoungGen      total 278016K, used 35819K [0x00000000d6d80000, 0x00000000f4e00000, 0x0000000100000000)
  eden space 242176K, 0% used [0x00000000d6d80000,0x00000000d6d80000,0x00000000e5a00000)
  from space 35840K, 99% used [0x00000000e5a00000,0x00000000e7cfad58,0x00000000e7d00000)
  to   space 52224K, 0% used [0x00000000f1b00000,0x00000000f1b00000,0x00000000f4e00000)
 ParOldGen       total 84992K, used 75929K [0x0000000084800000, 0x0000000089b00000, 0x00000000d6d80000)
  object space 84992K, 89% used [0x0000000084800000,0x0000000089226678,0x0000000089b00000)
 Metaspace       used 6691K, capacity 7288K, committed 7424K, reserved 1056768K
  class space    used 644K, capacity 688K, committed 768K, reserved 1048576K
}
Event: 6.942 GC heap before
{Heap before GC invocations=10 (full 1):
 PSYoungGen      total 278016K, used 35819K [0x00000000d6d80000, 0x00000000f4e00000, 0x0000000100000000)
  eden space 242176K, 0% used [0x00000000d6d80000,0x00000000d6d80000,0x00000000e5a00000)
  from space 35840K, 99% used [0x00000000e5a00000,0x00000000e7cfad58,0x00000000e7d00000)
  to   space 52224K, 0% used [0x00000000f1b00000,0x00000000f1b00000,0x00000000f4e00000)
 ParOldGen       total 84992K, used 75929K [0x0000000084800000, 0x0000000089b00000, 0x00000000d6d80000)
  object space 84992K, 89% used [0x0000000084800000,0x0000000089226678,0x0000000089b00000)
 Metaspace       used 6691K, capacity 7288K, committed 7424K, reserved 1056768K
  class space    used 644K, capacity 688K, committed 768K, reserved 1048576K
Event: 7.985 GC heap after
Heap after GC invocations=10 (full 1):
 PSYoungGen      total 278016K, used 20348K [0x00000000d6d80000, 0x00000000f4e00000, 0x0000000100000000)
  eden space 242176K, 0% used [0x00000000d6d80000,0x00000000d6d80000,0x00000000e5a00000)
  from space 35840K, 56% used [0x00000000e5a00000,0x00000000e6ddf1e8,0x00000000e7d00000)
  to   space 52224K, 0% used [0x00000000f1b00000,0x00000000f1b00000,0x00000000f4e00000)
 ParOldGen       total 84992K, used 84848K [0x0000000084800000, 0x0000000089b00000, 0x00000000d6d80000)
  object space 84992K, 99% used [0x0000000084800000,0x0000000089adc070,0x0000000089b00000)
 Metaspace       used 6691K, capacity 7288K, committed 7424K, reserved 1056768K
  class space    used 644K, capacity 688K, committed 768K, reserved 1048576K
}

